#-----------------------------------------------------------
# Vivado v2018.3 (64-bit)
# SW Build 2405991 on Thu Dec  6 23:38:27 MST 2018
# IP Build 2404404 on Fri Dec  7 01:43:56 MST 2018
# Start of session at: Tue Jun 25 17:02:28 2019
# Process ID: 18084
# Current directory: H:/labs111/lab06
# Command line: vivado.exe -gui_launcher_event rodinguilauncherevent1220 H:\labs111\lab06\lab06.xpr
# Log file: H:/labs111/lab06/vivado.log
# Journal file: H:/labs111/lab06\vivado.jou
#-----------------------------------------------------------
start_gui
open_project H:/labs111/lab06/lab06.xpr
INFO: [Project 1-313] Project file moved from 'G:/labs111/lab06' since last save.
Scanning sources...
Finished scanning sources
INFO: [IP_Flow 19-234] Refreshing IP repositories
INFO: [IP_Flow 19-1704] No user IP repositories specified
INFO: [IP_Flow 19-2313] Loaded Vivado IP repository 'D:/vivado/Vivado/2018.3/data/ip'.
open_project: Time (s): cpu = 00:00:17 ; elapsed = 00:00:09 . Memory (MB): peak = 772.875 ; gain = 149.207
update_compile_order -fileset sources_1
exit
INFO: [Common 17-206] Exiting Vivado at Tue Jun 25 21:05:00 2019...
